[05-Apr-2025 08:58:59 UTC] PHP Warning:  filemtime(): stat failed for C:\Users\csmac\Local Sites\church-site-jacob-terri\app\public/wp-content/themes/church-site-jacob-terri/assets/js/scroll-reveal.js in C:\Users\csmac\Local Sites\church-site-jacob-terri\app\public\wp-content\themes\church-site-jacob-terri\functions.php on line 29
[05-Apr-2025 08:58:59 UTC] PHP Warning:  filemtime(): stat failed for C:\Users\csmac\Local Sites\church-site-jacob-terri\app\public/wp-content/themes/church-site-jacob-terri/assets/js/scroll-reveal.js in C:\Users\csmac\Local Sites\church-site-jacob-terri\app\public\wp-content\themes\church-site-jacob-terri\functions.php on line 29
[05-Apr-2025 08:59:11 UTC] PHP Warning:  filemtime(): stat failed for C:\Users\csmac\Local Sites\church-site-jacob-terri\app\public/wp-content/themes/church-site-jacob-terri/assets/js/scroll-reveal.js in C:\Users\csmac\Local Sites\church-site-jacob-terri\app\public\wp-content\themes\church-site-jacob-terri\functions.php on line 29
[05-Apr-2025 08:59:11 UTC] PHP Warning:  filemtime(): stat failed for C:\Users\csmac\Local Sites\church-site-jacob-terri\app\public/wp-content/themes/church-site-jacob-terri/assets/js/scroll-reveal.js in C:\Users\csmac\Local Sites\church-site-jacob-terri\app\public\wp-content\themes\church-site-jacob-terri\functions.php on line 29
[05-Apr-2025 08:59:12 UTC] PHP Warning:  filemtime(): stat failed for C:\Users\csmac\Local Sites\church-site-jacob-terri\app\public/wp-content/themes/church-site-jacob-terri/assets/js/scroll-reveal.js in C:\Users\csmac\Local Sites\church-site-jacob-terri\app\public\wp-content\themes\church-site-jacob-terri\functions.php on line 29
[05-Apr-2025 08:59:12 UTC] PHP Warning:  filemtime(): stat failed for C:\Users\csmac\Local Sites\church-site-jacob-terri\app\public/wp-content/themes/church-site-jacob-terri/assets/js/scroll-reveal.js in C:\Users\csmac\Local Sites\church-site-jacob-terri\app\public\wp-content\themes\church-site-jacob-terri\functions.php on line 29
[05-Apr-2025 08:59:13 UTC] PHP Warning:  filemtime(): stat failed for C:\Users\csmac\Local Sites\church-site-jacob-terri\app\public/wp-content/themes/church-site-jacob-terri/assets/js/scroll-reveal.js in C:\Users\csmac\Local Sites\church-site-jacob-terri\app\public\wp-content\themes\church-site-jacob-terri\functions.php on line 29
[05-Apr-2025 08:59:13 UTC] PHP Warning:  filemtime(): stat failed for C:\Users\csmac\Local Sites\church-site-jacob-terri\app\public/wp-content/themes/church-site-jacob-terri/assets/js/scroll-reveal.js in C:\Users\csmac\Local Sites\church-site-jacob-terri\app\public\wp-content\themes\church-site-jacob-terri\functions.php on line 29
[05-Apr-2025 09:00:05 UTC] PHP Warning:  filemtime(): stat failed for C:\Users\csmac\Local Sites\church-site-jacob-terri\app\public/wp-content/themes/church-site-jacob-terri/assets/js/scroll-reveal.js in C:\Users\csmac\Local Sites\church-site-jacob-terri\app\public\wp-content\themes\church-site-jacob-terri\functions.php on line 29
[05-Apr-2025 09:00:06 UTC] PHP Warning:  filemtime(): stat failed for C:\Users\csmac\Local Sites\church-site-jacob-terri\app\public/wp-content/themes/church-site-jacob-terri/assets/js/scroll-reveal.js in C:\Users\csmac\Local Sites\church-site-jacob-terri\app\public\wp-content\themes\church-site-jacob-terri\functions.php on line 29
[05-Apr-2025 09:00:07 UTC] PHP Warning:  filemtime(): stat failed for C:\Users\csmac\Local Sites\church-site-jacob-terri\app\public/wp-content/themes/church-site-jacob-terri/assets/js/scroll-reveal.js in C:\Users\csmac\Local Sites\church-site-jacob-terri\app\public\wp-content\themes\church-site-jacob-terri\functions.php on line 29
[05-Apr-2025 09:00:07 UTC] PHP Warning:  filemtime(): stat failed for C:\Users\csmac\Local Sites\church-site-jacob-terri\app\public/wp-content/themes/church-site-jacob-terri/assets/js/scroll-reveal.js in C:\Users\csmac\Local Sites\church-site-jacob-terri\app\public\wp-content\themes\church-site-jacob-terri\functions.php on line 29
[05-Apr-2025 09:00:07 UTC] PHP Warning:  filemtime(): stat failed for C:\Users\csmac\Local Sites\church-site-jacob-terri\app\public/wp-content/themes/church-site-jacob-terri/assets/js/scroll-reveal.js in C:\Users\csmac\Local Sites\church-site-jacob-terri\app\public\wp-content\themes\church-site-jacob-terri\functions.php on line 29
[05-Apr-2025 09:00:07 UTC] PHP Warning:  filemtime(): stat failed for C:\Users\csmac\Local Sites\church-site-jacob-terri\app\public/wp-content/themes/church-site-jacob-terri/assets/js/scroll-reveal.js in C:\Users\csmac\Local Sites\church-site-jacob-terri\app\public\wp-content\themes\church-site-jacob-terri\functions.php on line 29
[05-Apr-2025 09:00:09 UTC] PHP Warning:  filemtime(): stat failed for C:\Users\csmac\Local Sites\church-site-jacob-terri\app\public/wp-content/themes/church-site-jacob-terri/assets/js/scroll-reveal.js in C:\Users\csmac\Local Sites\church-site-jacob-terri\app\public\wp-content\themes\church-site-jacob-terri\functions.php on line 29
[05-Apr-2025 09:00:09 UTC] PHP Warning:  filemtime(): stat failed for C:\Users\csmac\Local Sites\church-site-jacob-terri\app\public/wp-content/themes/church-site-jacob-terri/assets/js/scroll-reveal.js in C:\Users\csmac\Local Sites\church-site-jacob-terri\app\public\wp-content\themes\church-site-jacob-terri\functions.php on line 29
[05-Apr-2025 09:00:10 UTC] PHP Warning:  filemtime(): stat failed for C:\Users\csmac\Local Sites\church-site-jacob-terri\app\public/wp-content/themes/church-site-jacob-terri/assets/js/scroll-reveal.js in C:\Users\csmac\Local Sites\church-site-jacob-terri\app\public\wp-content\themes\church-site-jacob-terri\functions.php on line 29
[05-Apr-2025 09:00:10 UTC] PHP Warning:  filemtime(): stat failed for C:\Users\csmac\Local Sites\church-site-jacob-terri\app\public/wp-content/themes/church-site-jacob-terri/assets/js/scroll-reveal.js in C:\Users\csmac\Local Sites\church-site-jacob-terri\app\public\wp-content\themes\church-site-jacob-terri\functions.php on line 29
[05-Apr-2025 09:01:44 UTC] PHP Warning:  filemtime(): stat failed for C:\Users\csmac\Local Sites\church-site-jacob-terri\app\public/wp-content/themes/church-site-jacob-terri/assets/js/scroll-reveal.js in C:\Users\csmac\Local Sites\church-site-jacob-terri\app\public\wp-content\themes\church-site-jacob-terri\functions.php on line 29
[05-Apr-2025 09:01:44 UTC] PHP Warning:  filemtime(): stat failed for C:\Users\csmac\Local Sites\church-site-jacob-terri\app\public/wp-content/themes/church-site-jacob-terri/assets/js/scroll-reveal.js in C:\Users\csmac\Local Sites\church-site-jacob-terri\app\public\wp-content\themes\church-site-jacob-terri\functions.php on line 29
[05-Apr-2025 09:02:27 UTC] PHP Warning:  filemtime(): stat failed for C:\Users\csmac\Local Sites\church-site-jacob-terri\app\public/wp-content/themes/church-site-jacob-terri/assets/js/scroll-reveal.js in C:\Users\csmac\Local Sites\church-site-jacob-terri\app\public\wp-content\themes\church-site-jacob-terri\functions.php on line 29
[05-Apr-2025 09:02:27 UTC] PHP Warning:  filemtime(): stat failed for C:\Users\csmac\Local Sites\church-site-jacob-terri\app\public/wp-content/themes/church-site-jacob-terri/assets/js/scroll-reveal.js in C:\Users\csmac\Local Sites\church-site-jacob-terri\app\public\wp-content\themes\church-site-jacob-terri\functions.php on line 29
[05-Apr-2025 09:02:38 UTC] PHP Warning:  filemtime(): stat failed for C:\Users\csmac\Local Sites\church-site-jacob-terri\app\public/wp-content/themes/church-site-jacob-terri/assets/js/scroll-reveal.js in C:\Users\csmac\Local Sites\church-site-jacob-terri\app\public\wp-content\themes\church-site-jacob-terri\functions.php on line 29
[05-Apr-2025 09:02:38 UTC] PHP Warning:  filemtime(): stat failed for C:\Users\csmac\Local Sites\church-site-jacob-terri\app\public/wp-content/themes/church-site-jacob-terri/assets/js/scroll-reveal.js in C:\Users\csmac\Local Sites\church-site-jacob-terri\app\public\wp-content\themes\church-site-jacob-terri\functions.php on line 29
[05-Apr-2025 09:02:39 UTC] PHP Warning:  filemtime(): stat failed for C:\Users\csmac\Local Sites\church-site-jacob-terri\app\public/wp-content/themes/church-site-jacob-terri/assets/js/scroll-reveal.js in C:\Users\csmac\Local Sites\church-site-jacob-terri\app\public\wp-content\themes\church-site-jacob-terri\functions.php on line 29
[05-Apr-2025 09:02:39 UTC] PHP Warning:  filemtime(): stat failed for C:\Users\csmac\Local Sites\church-site-jacob-terri\app\public/wp-content/themes/church-site-jacob-terri/assets/js/scroll-reveal.js in C:\Users\csmac\Local Sites\church-site-jacob-terri\app\public\wp-content\themes\church-site-jacob-terri\functions.php on line 29
[05-Apr-2025 09:02:39 UTC] PHP Warning:  filemtime(): stat failed for C:\Users\csmac\Local Sites\church-site-jacob-terri\app\public/wp-content/themes/church-site-jacob-terri/assets/js/scroll-reveal.js in C:\Users\csmac\Local Sites\church-site-jacob-terri\app\public\wp-content\themes\church-site-jacob-terri\functions.php on line 29
[05-Apr-2025 09:02:39 UTC] PHP Warning:  filemtime(): stat failed for C:\Users\csmac\Local Sites\church-site-jacob-terri\app\public/wp-content/themes/church-site-jacob-terri/assets/js/scroll-reveal.js in C:\Users\csmac\Local Sites\church-site-jacob-terri\app\public\wp-content\themes\church-site-jacob-terri\functions.php on line 29
[05-Apr-2025 09:06:47 UTC] PHP Warning:  filemtime(): stat failed for C:\Users\csmac\Local Sites\church-site-jacob-terri\app\public/wp-content/themes/church-site-jacob-terri/assets/js/scroll-reveal.js in C:\Users\csmac\Local Sites\church-site-jacob-terri\app\public\wp-content\themes\church-site-jacob-terri\functions.php on line 29
[05-Apr-2025 09:06:47 UTC] PHP Warning:  filemtime(): stat failed for C:\Users\csmac\Local Sites\church-site-jacob-terri\app\public/wp-content/themes/church-site-jacob-terri/assets/js/scroll-reveal.js in C:\Users\csmac\Local Sites\church-site-jacob-terri\app\public\wp-content\themes\church-site-jacob-terri\functions.php on line 29
[05-Apr-2025 09:07:05 UTC] PHP Warning:  filemtime(): stat failed for C:\Users\csmac\Local Sites\church-site-jacob-terri\app\public/wp-content/themes/church-site-jacob-terri/assets/js/scroll-reveal.js in C:\Users\csmac\Local Sites\church-site-jacob-terri\app\public\wp-content\themes\church-site-jacob-terri\functions.php on line 29
[05-Apr-2025 09:07:05 UTC] PHP Warning:  filemtime(): stat failed for C:\Users\csmac\Local Sites\church-site-jacob-terri\app\public/wp-content/themes/church-site-jacob-terri/assets/js/scroll-reveal.js in C:\Users\csmac\Local Sites\church-site-jacob-terri\app\public\wp-content\themes\church-site-jacob-terri\functions.php on line 29
[05-Apr-2025 09:07:06 UTC] PHP Warning:  filemtime(): stat failed for C:\Users\csmac\Local Sites\church-site-jacob-terri\app\public/wp-content/themes/church-site-jacob-terri/assets/js/scroll-reveal.js in C:\Users\csmac\Local Sites\church-site-jacob-terri\app\public\wp-content\themes\church-site-jacob-terri\functions.php on line 29
[05-Apr-2025 09:07:06 UTC] PHP Warning:  filemtime(): stat failed for C:\Users\csmac\Local Sites\church-site-jacob-terri\app\public/wp-content/themes/church-site-jacob-terri/assets/js/scroll-reveal.js in C:\Users\csmac\Local Sites\church-site-jacob-terri\app\public\wp-content\themes\church-site-jacob-terri\functions.php on line 29
[05-Apr-2025 09:08:01 UTC] PHP Warning:  filemtime(): stat failed for C:\Users\csmac\Local Sites\church-site-jacob-terri\app\public/wp-content/themes/church-site-jacob-terri/assets/js/scroll-reveal.js in C:\Users\csmac\Local Sites\church-site-jacob-terri\app\public\wp-content\themes\church-site-jacob-terri\functions.php on line 29
[05-Apr-2025 09:08:01 UTC] PHP Warning:  filemtime(): stat failed for C:\Users\csmac\Local Sites\church-site-jacob-terri\app\public/wp-content/themes/church-site-jacob-terri/assets/js/scroll-reveal.js in C:\Users\csmac\Local Sites\church-site-jacob-terri\app\public\wp-content\themes\church-site-jacob-terri\functions.php on line 29
[05-Apr-2025 09:08:02 UTC] PHP Warning:  filemtime(): stat failed for C:\Users\csmac\Local Sites\church-site-jacob-terri\app\public/wp-content/themes/church-site-jacob-terri/assets/js/scroll-reveal.js in C:\Users\csmac\Local Sites\church-site-jacob-terri\app\public\wp-content\themes\church-site-jacob-terri\functions.php on line 29
[05-Apr-2025 09:08:02 UTC] PHP Warning:  filemtime(): stat failed for C:\Users\csmac\Local Sites\church-site-jacob-terri\app\public/wp-content/themes/church-site-jacob-terri/assets/js/scroll-reveal.js in C:\Users\csmac\Local Sites\church-site-jacob-terri\app\public\wp-content\themes\church-site-jacob-terri\functions.php on line 29
[05-Apr-2025 09:08:02 UTC] PHP Warning:  filemtime(): stat failed for C:\Users\csmac\Local Sites\church-site-jacob-terri\app\public/wp-content/themes/church-site-jacob-terri/assets/js/scroll-reveal.js in C:\Users\csmac\Local Sites\church-site-jacob-terri\app\public\wp-content\themes\church-site-jacob-terri\functions.php on line 29
[05-Apr-2025 09:08:02 UTC] PHP Warning:  filemtime(): stat failed for C:\Users\csmac\Local Sites\church-site-jacob-terri\app\public/wp-content/themes/church-site-jacob-terri/assets/js/scroll-reveal.js in C:\Users\csmac\Local Sites\church-site-jacob-terri\app\public\wp-content\themes\church-site-jacob-terri\functions.php on line 29
[05-Apr-2025 09:08:02 UTC] PHP Warning:  filemtime(): stat failed for C:\Users\csmac\Local Sites\church-site-jacob-terri\app\public/wp-content/themes/church-site-jacob-terri/assets/js/scroll-reveal.js in C:\Users\csmac\Local Sites\church-site-jacob-terri\app\public\wp-content\themes\church-site-jacob-terri\functions.php on line 29
[05-Apr-2025 09:08:02 UTC] PHP Warning:  filemtime(): stat failed for C:\Users\csmac\Local Sites\church-site-jacob-terri\app\public/wp-content/themes/church-site-jacob-terri/assets/js/scroll-reveal.js in C:\Users\csmac\Local Sites\church-site-jacob-terri\app\public\wp-content\themes\church-site-jacob-terri\functions.php on line 29
[05-Apr-2025 09:08:13 UTC] PHP Warning:  filemtime(): stat failed for C:\Users\csmac\Local Sites\church-site-jacob-terri\app\public/wp-content/themes/church-site-jacob-terri/assets/js/scroll-reveal.js in C:\Users\csmac\Local Sites\church-site-jacob-terri\app\public\wp-content\themes\church-site-jacob-terri\functions.php on line 29
[05-Apr-2025 09:08:13 UTC] PHP Warning:  filemtime(): stat failed for C:\Users\csmac\Local Sites\church-site-jacob-terri\app\public/wp-content/themes/church-site-jacob-terri/assets/js/scroll-reveal.js in C:\Users\csmac\Local Sites\church-site-jacob-terri\app\public\wp-content\themes\church-site-jacob-terri\functions.php on line 29
[05-Apr-2025 09:09:40 UTC] PHP Warning:  filemtime(): stat failed for C:\Users\csmac\Local Sites\church-site-jacob-terri\app\public/wp-content/themes/church-site-jacob-terri/assets/js/scroll-reveal.js in C:\Users\csmac\Local Sites\church-site-jacob-terri\app\public\wp-content\themes\church-site-jacob-terri\functions.php on line 29
[05-Apr-2025 09:09:40 UTC] PHP Warning:  filemtime(): stat failed for C:\Users\csmac\Local Sites\church-site-jacob-terri\app\public/wp-content/themes/church-site-jacob-terri/assets/js/scroll-reveal.js in C:\Users\csmac\Local Sites\church-site-jacob-terri\app\public\wp-content\themes\church-site-jacob-terri\functions.php on line 29
[05-Apr-2025 09:09:46 UTC] PHP Warning:  filemtime(): stat failed for C:\Users\csmac\Local Sites\church-site-jacob-terri\app\public/wp-content/themes/church-site-jacob-terri/assets/js/scroll-reveal.js in C:\Users\csmac\Local Sites\church-site-jacob-terri\app\public\wp-content\themes\church-site-jacob-terri\functions.php on line 29
[05-Apr-2025 09:09:46 UTC] PHP Warning:  filemtime(): stat failed for C:\Users\csmac\Local Sites\church-site-jacob-terri\app\public/wp-content/themes/church-site-jacob-terri/assets/js/scroll-reveal.js in C:\Users\csmac\Local Sites\church-site-jacob-terri\app\public\wp-content\themes\church-site-jacob-terri\functions.php on line 29
[05-Apr-2025 09:09:52 UTC] PHP Warning:  filemtime(): stat failed for C:\Users\csmac\Local Sites\church-site-jacob-terri\app\public/wp-content/themes/church-site-jacob-terri/assets/js/scroll-reveal.js in C:\Users\csmac\Local Sites\church-site-jacob-terri\app\public\wp-content\themes\church-site-jacob-terri\functions.php on line 29
[05-Apr-2025 09:09:52 UTC] PHP Warning:  filemtime(): stat failed for C:\Users\csmac\Local Sites\church-site-jacob-terri\app\public/wp-content/themes/church-site-jacob-terri/assets/js/scroll-reveal.js in C:\Users\csmac\Local Sites\church-site-jacob-terri\app\public\wp-content\themes\church-site-jacob-terri\functions.php on line 29
[05-Apr-2025 09:10:21 UTC] PHP Warning:  filemtime(): stat failed for C:\Users\csmac\Local Sites\church-site-jacob-terri\app\public/wp-content/themes/church-site-jacob-terri/assets/js/scroll-reveal.js in C:\Users\csmac\Local Sites\church-site-jacob-terri\app\public\wp-content\themes\church-site-jacob-terri\functions.php on line 29
[05-Apr-2025 09:10:21 UTC] PHP Warning:  filemtime(): stat failed for C:\Users\csmac\Local Sites\church-site-jacob-terri\app\public/wp-content/themes/church-site-jacob-terri/assets/js/scroll-reveal.js in C:\Users\csmac\Local Sites\church-site-jacob-terri\app\public\wp-content\themes\church-site-jacob-terri\functions.php on line 29
[05-Apr-2025 09:10:22 UTC] PHP Warning:  filemtime(): stat failed for C:\Users\csmac\Local Sites\church-site-jacob-terri\app\public/wp-content/themes/church-site-jacob-terri/assets/js/scroll-reveal.js in C:\Users\csmac\Local Sites\church-site-jacob-terri\app\public\wp-content\themes\church-site-jacob-terri\functions.php on line 29
[05-Apr-2025 09:10:22 UTC] PHP Warning:  filemtime(): stat failed for C:\Users\csmac\Local Sites\church-site-jacob-terri\app\public/wp-content/themes/church-site-jacob-terri/assets/js/scroll-reveal.js in C:\Users\csmac\Local Sites\church-site-jacob-terri\app\public\wp-content\themes\church-site-jacob-terri\functions.php on line 29
[05-Apr-2025 09:10:30 UTC] PHP Warning:  filemtime(): stat failed for C:\Users\csmac\Local Sites\church-site-jacob-terri\app\public/wp-content/themes/church-site-jacob-terri/assets/js/scroll-reveal.js in C:\Users\csmac\Local Sites\church-site-jacob-terri\app\public\wp-content\themes\church-site-jacob-terri\functions.php on line 29
[05-Apr-2025 09:10:31 UTC] PHP Warning:  filemtime(): stat failed for C:\Users\csmac\Local Sites\church-site-jacob-terri\app\public/wp-content/themes/church-site-jacob-terri/assets/js/scroll-reveal.js in C:\Users\csmac\Local Sites\church-site-jacob-terri\app\public\wp-content\themes\church-site-jacob-terri\functions.php on line 29
[05-Apr-2025 09:11:26 UTC] PHP Warning:  filemtime(): stat failed for C:\Users\csmac\Local Sites\church-site-jacob-terri\app\public/wp-content/themes/church-site-jacob-terri/assets/js/scroll-reveal.js in C:\Users\csmac\Local Sites\church-site-jacob-terri\app\public\wp-content\themes\church-site-jacob-terri\functions.php on line 29
[05-Apr-2025 09:11:26 UTC] PHP Warning:  filemtime(): stat failed for C:\Users\csmac\Local Sites\church-site-jacob-terri\app\public/wp-content/themes/church-site-jacob-terri/assets/js/scroll-reveal.js in C:\Users\csmac\Local Sites\church-site-jacob-terri\app\public\wp-content\themes\church-site-jacob-terri\functions.php on line 29
[05-Apr-2025 09:11:27 UTC] PHP Warning:  filemtime(): stat failed for C:\Users\csmac\Local Sites\church-site-jacob-terri\app\public/wp-content/themes/church-site-jacob-terri/assets/js/scroll-reveal.js in C:\Users\csmac\Local Sites\church-site-jacob-terri\app\public\wp-content\themes\church-site-jacob-terri\functions.php on line 29
[05-Apr-2025 09:11:27 UTC] PHP Warning:  filemtime(): stat failed for C:\Users\csmac\Local Sites\church-site-jacob-terri\app\public/wp-content/themes/church-site-jacob-terri/assets/js/scroll-reveal.js in C:\Users\csmac\Local Sites\church-site-jacob-terri\app\public\wp-content\themes\church-site-jacob-terri\functions.php on line 29
[05-Apr-2025 09:11:38 UTC] PHP Warning:  filemtime(): stat failed for C:\Users\csmac\Local Sites\church-site-jacob-terri\app\public/wp-content/themes/church-site-jacob-terri/assets/js/scroll-reveal.js in C:\Users\csmac\Local Sites\church-site-jacob-terri\app\public\wp-content\themes\church-site-jacob-terri\functions.php on line 29
[05-Apr-2025 09:11:38 UTC] PHP Warning:  filemtime(): stat failed for C:\Users\csmac\Local Sites\church-site-jacob-terri\app\public/wp-content/themes/church-site-jacob-terri/assets/js/scroll-reveal.js in C:\Users\csmac\Local Sites\church-site-jacob-terri\app\public\wp-content\themes\church-site-jacob-terri\functions.php on line 29
[05-Apr-2025 09:11:39 UTC] PHP Warning:  filemtime(): stat failed for C:\Users\csmac\Local Sites\church-site-jacob-terri\app\public/wp-content/themes/church-site-jacob-terri/assets/js/scroll-reveal.js in C:\Users\csmac\Local Sites\church-site-jacob-terri\app\public\wp-content\themes\church-site-jacob-terri\functions.php on line 29
[05-Apr-2025 09:11:39 UTC] PHP Warning:  filemtime(): stat failed for C:\Users\csmac\Local Sites\church-site-jacob-terri\app\public/wp-content/themes/church-site-jacob-terri/assets/js/scroll-reveal.js in C:\Users\csmac\Local Sites\church-site-jacob-terri\app\public\wp-content\themes\church-site-jacob-terri\functions.php on line 29
[05-Apr-2025 09:22:27 UTC] PHP Parse error:  syntax error, unexpected double-quote mark, expecting "," or ";" in C:\Users\csmac\Local Sites\church-site-jacob-terri\app\public\wp-content\themes\church-site-jacob-terri\functions.php on line 39
[05-Apr-2025 09:22:27 UTC] PHP Parse error:  syntax error, unexpected double-quote mark, expecting "," or ";" in C:\Users\csmac\Local Sites\church-site-jacob-terri\app\public\wp-content\themes\church-site-jacob-terri\functions.php on line 39
[05-Apr-2025 09:22:28 UTC] PHP Parse error:  syntax error, unexpected double-quote mark, expecting "," or ";" in C:\Users\csmac\Local Sites\church-site-jacob-terri\app\public\wp-content\themes\church-site-jacob-terri\functions.php on line 39
[05-Apr-2025 09:22:28 UTC] PHP Parse error:  syntax error, unexpected double-quote mark, expecting "," or ";" in C:\Users\csmac\Local Sites\church-site-jacob-terri\app\public\wp-content\themes\church-site-jacob-terri\functions.php on line 39
[05-Apr-2025 09:22:32 UTC] PHP Parse error:  syntax error, unexpected double-quote mark, expecting "," or ";" in C:\Users\csmac\Local Sites\church-site-jacob-terri\app\public\wp-content\themes\church-site-jacob-terri\functions.php on line 39
[05-Apr-2025 09:22:32 UTC] PHP Parse error:  syntax error, unexpected double-quote mark, expecting "," or ";" in C:\Users\csmac\Local Sites\church-site-jacob-terri\app\public\wp-content\themes\church-site-jacob-terri\functions.php on line 39
[05-Apr-2025 09:23:01 UTC] PHP Parse error:  syntax error, unexpected double-quote mark, expecting "," or ";" in C:\Users\csmac\Local Sites\church-site-jacob-terri\app\public\wp-content\themes\church-site-jacob-terri\functions.php on line 37
[05-Apr-2025 09:23:01 UTC] PHP Parse error:  syntax error, unexpected double-quote mark, expecting "," or ";" in C:\Users\csmac\Local Sites\church-site-jacob-terri\app\public\wp-content\themes\church-site-jacob-terri\functions.php on line 37
[05-Apr-2025 09:23:02 UTC] PHP Parse error:  syntax error, unexpected double-quote mark, expecting "," or ";" in C:\Users\csmac\Local Sites\church-site-jacob-terri\app\public\wp-content\themes\church-site-jacob-terri\functions.php on line 37
[05-Apr-2025 09:23:03 UTC] PHP Parse error:  syntax error, unexpected double-quote mark, expecting "," or ";" in C:\Users\csmac\Local Sites\church-site-jacob-terri\app\public\wp-content\themes\church-site-jacob-terri\functions.php on line 37
[05-Apr-2025 09:23:03 UTC] PHP Parse error:  syntax error, unexpected double-quote mark, expecting "," or ";" in C:\Users\csmac\Local Sites\church-site-jacob-terri\app\public\wp-content\themes\church-site-jacob-terri\functions.php on line 37
[05-Apr-2025 09:23:03 UTC] PHP Parse error:  syntax error, unexpected double-quote mark, expecting "," or ";" in C:\Users\csmac\Local Sites\church-site-jacob-terri\app\public\wp-content\themes\church-site-jacob-terri\functions.php on line 37
[07-Apr-2025 00:23:47 UTC] PHP Fatal error:  Uncaught TypeError: call_user_func_array(): Argument #1 ($callback) must be a valid callback, function "enqueue_theme_scripts" not found or invalid function name in C:\Users\csmac\Local Sites\church-site-jacob-terri\app\public\wp-includes\class-wp-hook.php:324
Stack trace:
#0 C:\Users\csmac\Local Sites\church-site-jacob-terri\app\public\wp-includes\class-wp-hook.php(348): WP_Hook->apply_filters(NULL, Array)
#1 C:\Users\csmac\Local Sites\church-site-jacob-terri\app\public\wp-includes\plugin.php(517): WP_Hook->do_action(Array)
#2 C:\Users\csmac\Local Sites\church-site-jacob-terri\app\public\wp-includes\script-loader.php(2272): do_action('wp_enqueue_scri...')
#3 C:\Users\csmac\Local Sites\church-site-jacob-terri\app\public\wp-includes\class-wp-hook.php(324): wp_enqueue_scripts('')
#4 C:\Users\csmac\Local Sites\church-site-jacob-terri\app\public\wp-includes\class-wp-hook.php(348): WP_Hook->apply_filters(NULL, Array)
#5 C:\Users\csmac\Local Sites\church-site-jacob-terri\app\public\wp-includes\plugin.php(517): WP_Hook->do_action(Array)
#6 C:\Users\csmac\Local Sites\church-site-jacob-terri\app\public\wp-includes\general-template.php(3064): do_action('wp_head')
#7 C:\Users\csmac\Local Sites\church-site-jacob-terri\app\public\wp-content\themes\church-site-jacob-terri\header.php(8): wp_head()
#8 C:\Users\csmac\Local Sites\church-site-jacob-terri\app\public\wp-includes\template.php(810): require_once('C:\\Users\\csmac\\...')
#9 C:\Users\csmac\Local Sites\church-site-jacob-terri\app\public\wp-includes\template.php(745): load_template('C:\\Users\\csmac\\...', true, Array)
#10 C:\Users\csmac\Local Sites\church-site-jacob-terri\app\public\wp-includes\general-template.php(48): locate_template(Array, true, true, Array)
#11 C:\Users\csmac\Local Sites\church-site-jacob-terri\app\public\wp-content\themes\church-site-jacob-terri\front-page.php(1): get_header()
#12 C:\Users\csmac\Local Sites\church-site-jacob-terri\app\public\wp-includes\template-loader.php(106): include('C:\\Users\\csmac\\...')
#13 C:\Users\csmac\Local Sites\church-site-jacob-terri\app\public\wp-blog-header.php(19): require_once('C:\\Users\\csmac\\...')
#14 C:\Users\csmac\Local Sites\church-site-jacob-terri\app\public\index.php(17): require('C:\\Users\\csmac\\...')
#15 {main}
  thrown in C:\Users\csmac\Local Sites\church-site-jacob-terri\app\public\wp-includes\class-wp-hook.php on line 324
[07-Apr-2025 00:31:46 UTC] PHP Fatal error:  Uncaught TypeError: call_user_func_array(): Argument #1 ($callback) must be a valid callback, function "enqueue_theme_scripts" not found or invalid function name in C:\Users\csmac\Local Sites\church-site-jacob-terri\app\public\wp-includes\class-wp-hook.php:324
Stack trace:
#0 C:\Users\csmac\Local Sites\church-site-jacob-terri\app\public\wp-includes\class-wp-hook.php(348): WP_Hook->apply_filters(NULL, Array)
#1 C:\Users\csmac\Local Sites\church-site-jacob-terri\app\public\wp-includes\plugin.php(517): WP_Hook->do_action(Array)
#2 C:\Users\csmac\Local Sites\church-site-jacob-terri\app\public\wp-includes\script-loader.php(2272): do_action('wp_enqueue_scri...')
#3 C:\Users\csmac\Local Sites\church-site-jacob-terri\app\public\wp-includes\class-wp-hook.php(324): wp_enqueue_scripts('')
#4 C:\Users\csmac\Local Sites\church-site-jacob-terri\app\public\wp-includes\class-wp-hook.php(348): WP_Hook->apply_filters(NULL, Array)
#5 C:\Users\csmac\Local Sites\church-site-jacob-terri\app\public\wp-includes\plugin.php(517): WP_Hook->do_action(Array)
#6 C:\Users\csmac\Local Sites\church-site-jacob-terri\app\public\wp-includes\general-template.php(3064): do_action('wp_head')
#7 C:\Users\csmac\Local Sites\church-site-jacob-terri\app\public\wp-content\themes\church-site-jacob-terri\header.php(8): wp_head()
#8 C:\Users\csmac\Local Sites\church-site-jacob-terri\app\public\wp-includes\template.php(810): require_once('C:\\Users\\csmac\\...')
#9 C:\Users\csmac\Local Sites\church-site-jacob-terri\app\public\wp-includes\template.php(745): load_template('C:\\Users\\csmac\\...', true, Array)
#10 C:\Users\csmac\Local Sites\church-site-jacob-terri\app\public\wp-includes\general-template.php(48): locate_template(Array, true, true, Array)
#11 C:\Users\csmac\Local Sites\church-site-jacob-terri\app\public\wp-content\themes\church-site-jacob-terri\front-page.php(1): get_header()
#12 C:\Users\csmac\Local Sites\church-site-jacob-terri\app\public\wp-includes\template-loader.php(106): include('C:\\Users\\csmac\\...')
#13 C:\Users\csmac\Local Sites\church-site-jacob-terri\app\public\wp-blog-header.php(19): require_once('C:\\Users\\csmac\\...')
#14 C:\Users\csmac\Local Sites\church-site-jacob-terri\app\public\index.php(17): require('C:\\Users\\csmac\\...')
#15 {main}
  thrown in C:\Users\csmac\Local Sites\church-site-jacob-terri\app\public\wp-includes\class-wp-hook.php on line 324
[07-Apr-2025 00:32:00 UTC] PHP Fatal error:  Uncaught TypeError: call_user_func_array(): Argument #1 ($callback) must be a valid callback, function "enqueue_theme_scripts" not found or invalid function name in C:\Users\csmac\Local Sites\church-site-jacob-terri\app\public\wp-includes\class-wp-hook.php:324
Stack trace:
#0 C:\Users\csmac\Local Sites\church-site-jacob-terri\app\public\wp-includes\class-wp-hook.php(348): WP_Hook->apply_filters(NULL, Array)
#1 C:\Users\csmac\Local Sites\church-site-jacob-terri\app\public\wp-includes\plugin.php(517): WP_Hook->do_action(Array)
#2 C:\Users\csmac\Local Sites\church-site-jacob-terri\app\public\wp-includes\script-loader.php(2272): do_action('wp_enqueue_scri...')
#3 C:\Users\csmac\Local Sites\church-site-jacob-terri\app\public\wp-includes\class-wp-hook.php(324): wp_enqueue_scripts('')
#4 C:\Users\csmac\Local Sites\church-site-jacob-terri\app\public\wp-includes\class-wp-hook.php(348): WP_Hook->apply_filters(NULL, Array)
#5 C:\Users\csmac\Local Sites\church-site-jacob-terri\app\public\wp-includes\plugin.php(517): WP_Hook->do_action(Array)
#6 C:\Users\csmac\Local Sites\church-site-jacob-terri\app\public\wp-includes\general-template.php(3064): do_action('wp_head')
#7 C:\Users\csmac\Local Sites\church-site-jacob-terri\app\public\wp-content\themes\church-site-jacob-terri\header.php(8): wp_head()
#8 C:\Users\csmac\Local Sites\church-site-jacob-terri\app\public\wp-includes\template.php(810): require_once('C:\\Users\\csmac\\...')
#9 C:\Users\csmac\Local Sites\church-site-jacob-terri\app\public\wp-includes\template.php(745): load_template('C:\\Users\\csmac\\...', true, Array)
#10 C:\Users\csmac\Local Sites\church-site-jacob-terri\app\public\wp-includes\general-template.php(48): locate_template(Array, true, true, Array)
#11 C:\Users\csmac\Local Sites\church-site-jacob-terri\app\public\wp-content\themes\church-site-jacob-terri\front-page.php(1): get_header()
#12 C:\Users\csmac\Local Sites\church-site-jacob-terri\app\public\wp-includes\template-loader.php(106): include('C:\\Users\\csmac\\...')
#13 C:\Users\csmac\Local Sites\church-site-jacob-terri\app\public\wp-blog-header.php(19): require_once('C:\\Users\\csmac\\...')
#14 C:\Users\csmac\Local Sites\church-site-jacob-terri\app\public\index.php(17): require('C:\\Users\\csmac\\...')
#15 {main}
  thrown in C:\Users\csmac\Local Sites\church-site-jacob-terri\app\public\wp-includes\class-wp-hook.php on line 324
[07-Apr-2025 00:32:02 UTC] PHP Fatal error:  Uncaught TypeError: call_user_func_array(): Argument #1 ($callback) must be a valid callback, function "enqueue_theme_scripts" not found or invalid function name in C:\Users\csmac\Local Sites\church-site-jacob-terri\app\public\wp-includes\class-wp-hook.php:324
Stack trace:
#0 C:\Users\csmac\Local Sites\church-site-jacob-terri\app\public\wp-includes\class-wp-hook.php(348): WP_Hook->apply_filters(NULL, Array)
#1 C:\Users\csmac\Local Sites\church-site-jacob-terri\app\public\wp-includes\plugin.php(517): WP_Hook->do_action(Array)
#2 C:\Users\csmac\Local Sites\church-site-jacob-terri\app\public\wp-includes\script-loader.php(2272): do_action('wp_enqueue_scri...')
#3 C:\Users\csmac\Local Sites\church-site-jacob-terri\app\public\wp-includes\class-wp-hook.php(324): wp_enqueue_scripts('')
#4 C:\Users\csmac\Local Sites\church-site-jacob-terri\app\public\wp-includes\class-wp-hook.php(348): WP_Hook->apply_filters(NULL, Array)
#5 C:\Users\csmac\Local Sites\church-site-jacob-terri\app\public\wp-includes\plugin.php(517): WP_Hook->do_action(Array)
#6 C:\Users\csmac\Local Sites\church-site-jacob-terri\app\public\wp-includes\general-template.php(3064): do_action('wp_head')
#7 C:\Users\csmac\Local Sites\church-site-jacob-terri\app\public\wp-content\themes\church-site-jacob-terri\header.php(8): wp_head()
#8 C:\Users\csmac\Local Sites\church-site-jacob-terri\app\public\wp-includes\template.php(810): require_once('C:\\Users\\csmac\\...')
#9 C:\Users\csmac\Local Sites\church-site-jacob-terri\app\public\wp-includes\template.php(745): load_template('C:\\Users\\csmac\\...', true, Array)
#10 C:\Users\csmac\Local Sites\church-site-jacob-terri\app\public\wp-includes\general-template.php(48): locate_template(Array, true, true, Array)
#11 C:\Users\csmac\Local Sites\church-site-jacob-terri\app\public\wp-content\themes\church-site-jacob-terri\front-page.php(1): get_header()
#12 C:\Users\csmac\Local Sites\church-site-jacob-terri\app\public\wp-includes\template-loader.php(106): include('C:\\Users\\csmac\\...')
#13 C:\Users\csmac\Local Sites\church-site-jacob-terri\app\public\wp-blog-header.php(19): require_once('C:\\Users\\csmac\\...')
#14 C:\Users\csmac\Local Sites\church-site-jacob-terri\app\public\index.php(17): require('C:\\Users\\csmac\\...')
#15 {main}
  thrown in C:\Users\csmac\Local Sites\church-site-jacob-terri\app\public\wp-includes\class-wp-hook.php on line 324
[07-Apr-2025 00:33:48 UTC] PHP Fatal error:  Uncaught TypeError: call_user_func_array(): Argument #1 ($callback) must be a valid callback, function "enqueue_theme_scripts" not found or invalid function name in C:\Users\csmac\Local Sites\church-site-jacob-terri\app\public\wp-includes\class-wp-hook.php:324
Stack trace:
#0 C:\Users\csmac\Local Sites\church-site-jacob-terri\app\public\wp-includes\class-wp-hook.php(348): WP_Hook->apply_filters(NULL, Array)
#1 C:\Users\csmac\Local Sites\church-site-jacob-terri\app\public\wp-includes\plugin.php(517): WP_Hook->do_action(Array)
#2 C:\Users\csmac\Local Sites\church-site-jacob-terri\app\public\wp-includes\script-loader.php(2272): do_action('wp_enqueue_scri...')
#3 C:\Users\csmac\Local Sites\church-site-jacob-terri\app\public\wp-includes\class-wp-hook.php(324): wp_enqueue_scripts('')
#4 C:\Users\csmac\Local Sites\church-site-jacob-terri\app\public\wp-includes\class-wp-hook.php(348): WP_Hook->apply_filters(NULL, Array)
#5 C:\Users\csmac\Local Sites\church-site-jacob-terri\app\public\wp-includes\plugin.php(517): WP_Hook->do_action(Array)
#6 C:\Users\csmac\Local Sites\church-site-jacob-terri\app\public\wp-includes\general-template.php(3064): do_action('wp_head')
#7 C:\Users\csmac\Local Sites\church-site-jacob-terri\app\public\wp-content\themes\church-site-jacob-terri\header.php(8): wp_head()
#8 C:\Users\csmac\Local Sites\church-site-jacob-terri\app\public\wp-includes\template.php(810): require_once('C:\\Users\\csmac\\...')
#9 C:\Users\csmac\Local Sites\church-site-jacob-terri\app\public\wp-includes\template.php(745): load_template('C:\\Users\\csmac\\...', true, Array)
#10 C:\Users\csmac\Local Sites\church-site-jacob-terri\app\public\wp-includes\general-template.php(48): locate_template(Array, true, true, Array)
#11 C:\Users\csmac\Local Sites\church-site-jacob-terri\app\public\wp-content\themes\church-site-jacob-terri\front-page.php(1): get_header()
#12 C:\Users\csmac\Local Sites\church-site-jacob-terri\app\public\wp-includes\template-loader.php(106): include('C:\\Users\\csmac\\...')
#13 C:\Users\csmac\Local Sites\church-site-jacob-terri\app\public\wp-blog-header.php(19): require_once('C:\\Users\\csmac\\...')
#14 C:\Users\csmac\Local Sites\church-site-jacob-terri\app\public\index.php(17): require('C:\\Users\\csmac\\...')
#15 {main}
  thrown in C:\Users\csmac\Local Sites\church-site-jacob-terri\app\public\wp-includes\class-wp-hook.php on line 324
[07-Apr-2025 00:33:52 UTC] PHP Fatal error:  Uncaught TypeError: call_user_func_array(): Argument #1 ($callback) must be a valid callback, function "enqueue_theme_scripts" not found or invalid function name in C:\Users\csmac\Local Sites\church-site-jacob-terri\app\public\wp-includes\class-wp-hook.php:324
Stack trace:
#0 C:\Users\csmac\Local Sites\church-site-jacob-terri\app\public\wp-includes\class-wp-hook.php(348): WP_Hook->apply_filters(NULL, Array)
#1 C:\Users\csmac\Local Sites\church-site-jacob-terri\app\public\wp-includes\plugin.php(517): WP_Hook->do_action(Array)
#2 C:\Users\csmac\Local Sites\church-site-jacob-terri\app\public\wp-includes\script-loader.php(2272): do_action('wp_enqueue_scri...')
#3 C:\Users\csmac\Local Sites\church-site-jacob-terri\app\public\wp-includes\class-wp-hook.php(324): wp_enqueue_scripts('')
#4 C:\Users\csmac\Local Sites\church-site-jacob-terri\app\public\wp-includes\class-wp-hook.php(348): WP_Hook->apply_filters(NULL, Array)
#5 C:\Users\csmac\Local Sites\church-site-jacob-terri\app\public\wp-includes\plugin.php(517): WP_Hook->do_action(Array)
#6 C:\Users\csmac\Local Sites\church-site-jacob-terri\app\public\wp-includes\general-template.php(3064): do_action('wp_head')
#7 C:\Users\csmac\Local Sites\church-site-jacob-terri\app\public\wp-content\themes\church-site-jacob-terri\header.php(8): wp_head()
#8 C:\Users\csmac\Local Sites\church-site-jacob-terri\app\public\wp-includes\template.php(810): require_once('C:\\Users\\csmac\\...')
#9 C:\Users\csmac\Local Sites\church-site-jacob-terri\app\public\wp-includes\template.php(745): load_template('C:\\Users\\csmac\\...', true, Array)
#10 C:\Users\csmac\Local Sites\church-site-jacob-terri\app\public\wp-includes\general-template.php(48): locate_template(Array, true, true, Array)
#11 C:\Users\csmac\Local Sites\church-site-jacob-terri\app\public\wp-content\themes\church-site-jacob-terri\front-page.php(1): get_header()
#12 C:\Users\csmac\Local Sites\church-site-jacob-terri\app\public\wp-includes\template-loader.php(106): include('C:\\Users\\csmac\\...')
#13 C:\Users\csmac\Local Sites\church-site-jacob-terri\app\public\wp-blog-header.php(19): require_once('C:\\Users\\csmac\\...')
#14 C:\Users\csmac\Local Sites\church-site-jacob-terri\app\public\index.php(17): require('C:\\Users\\csmac\\...')
#15 {main}
  thrown in C:\Users\csmac\Local Sites\church-site-jacob-terri\app\public\wp-includes\class-wp-hook.php on line 324
[07-Apr-2025 00:37:41 UTC] PHP Warning:  Constant WP_CACHE already defined in C:\Users\csmac\Local Sites\church-site-jacob-terri\app\public\wp-config.php on line 105
[07-Apr-2025 00:37:41 UTC] PHP Warning:  Constant SCRIPT_DEBUG already defined in C:\Users\csmac\Local Sites\church-site-jacob-terri\app\public\wp-config.php on line 106
[07-Apr-2025 00:37:42 UTC] PHP Warning:  Constant WP_CACHE already defined in C:\Users\csmac\Local Sites\church-site-jacob-terri\app\public\wp-config.php on line 105
[07-Apr-2025 00:37:42 UTC] PHP Warning:  Constant SCRIPT_DEBUG already defined in C:\Users\csmac\Local Sites\church-site-jacob-terri\app\public\wp-config.php on line 106
[07-Apr-2025 00:37:44 UTC] PHP Warning:  Constant WP_CACHE already defined in C:\Users\csmac\Local Sites\church-site-jacob-terri\app\public\wp-config.php on line 105
[07-Apr-2025 00:37:44 UTC] PHP Warning:  Constant SCRIPT_DEBUG already defined in C:\Users\csmac\Local Sites\church-site-jacob-terri\app\public\wp-config.php on line 106
[07-Apr-2025 00:37:44 UTC] PHP Warning:  Constant WP_CACHE already defined in C:\Users\csmac\Local Sites\church-site-jacob-terri\app\public\wp-config.php on line 105
[07-Apr-2025 00:37:44 UTC] PHP Warning:  Constant SCRIPT_DEBUG already defined in C:\Users\csmac\Local Sites\church-site-jacob-terri\app\public\wp-config.php on line 106
